<?xml version="1.0" encoding="UTF-8"?>
<testng-results ignored="0" total="1" passed="1" failed="0" skipped="0">
  <reporter-output>
  </reporter-output>
  <suite started-at="2025-02-14T16:27:05 IST" name="Suite" finished-at="2025-02-14T16:27:30 IST" duration-ms="25186">
    <groups>
    </groups>
    <test started-at="2025-02-14T16:27:05 IST" name="Test" finished-at="2025-02-14T16:27:30 IST" duration-ms="25186">
      <class name="week6.day1.EntityCreationStatic">
        <test-method is-config="true" signature="preConditions(java.lang.String,java.lang.String)[pri:0, instance:week6.day1.EntityCreationStatic@4d1c00d0]" started-at="2025-02-14T16:27:05 IST" name="preConditions" finished-at="2025-02-14T16:27:24 IST" duration-ms="19119" status="PASS">
          <params>
            <param index="0">
              <value>
                <![CDATA[vidyar@testleaf.com]]>
              </value>
            </param>
            <param index="1">
              <value>
                <![CDATA[Sales@123]]>
              </value>
            </param>
          </params>
          <reporter-output>
          </reporter-output>
        </test-method> <!-- preConditions -->
        <test-method signature="createEntity()[pri:0, instance:week6.day1.EntityCreationStatic@4d1c00d0]" started-at="2025-02-14T16:27:24 IST" name="createEntity" finished-at="2025-02-14T16:27:30 IST" duration-ms="5814" status="PASS">
          <reporter-output>
          </reporter-output>
        </test-method> <!-- createEntity -->
        <test-method is-config="true" signature="precondition()[pri:0, instance:week6.day1.EntityCreationStatic@4d1c00d0]" started-at="2025-02-14T16:27:30 IST" name="precondition" finished-at="2025-02-14T16:27:30 IST" duration-ms="192" status="PASS">
          <reporter-output>
          </reporter-output>
        </test-method> <!-- precondition -->
      </class> <!-- week6.day1.EntityCreationStatic -->
    </test> <!-- Test -->
  </suite> <!-- Suite -->
</testng-results>
