<?xml version="1.0" encoding="UTF-8"?>
<testng-results ignored="0" total="1" passed="1" failed="0" skipped="0">
  <reporter-output>
  </reporter-output>
  <suite started-at="2025-02-03T19:23:19 IST" name="Default suite" finished-at="2025-02-03T19:23:49 IST" duration-ms="30486">
    <groups>
    </groups>
    <test started-at="2025-02-03T19:23:19 IST" name="Default test" finished-at="2025-02-03T19:23:49 IST" duration-ms="30486">
      <class name="week5.day2.TestCase2">
        <test-method is-config="true" signature="preCondition()[pri:0, instance:week5.day2.TestCase2@27406a17]" started-at="2025-02-03T19:23:19 IST" name="preCondition" finished-at="2025-02-03T19:23:34 IST" duration-ms="15066" status="PASS">
          <reporter-output>
          </reporter-output>
        </test-method> <!-- preCondition -->
        <test-method signature="createEntity()[pri:0, instance:week5.day2.TestCase2@27406a17]" started-at="2025-02-03T19:23:34 IST" name="createEntity" finished-at="2025-02-03T19:23:49 IST" duration-ms="15350" status="PASS">
          <reporter-output>
          </reporter-output>
        </test-method> <!-- createEntity -->
        <test-method is-config="true" signature="postCondition()[pri:0, instance:week5.day2.TestCase2@27406a17]" started-at="2025-02-03T19:23:49 IST" name="postCondition" finished-at="2025-02-03T19:23:49 IST" duration-ms="0" status="PASS">
          <reporter-output>
          </reporter-output>
        </test-method> <!-- postCondition -->
      </class> <!-- week5.day2.TestCase2 -->
    </test> <!-- Default test -->
  </suite> <!-- Default suite -->
</testng-results>
