<?xml version="1.0" encoding="UTF-8"?>
<testng-results ignored="0" total="2" passed="2" failed="0" skipped="0">
  <reporter-output>
  </reporter-output>
  <suite started-at="2025-02-14T17:39:41 IST" name="Suite" finished-at="2025-02-14T17:40:33 IST" duration-ms="52268">
    <groups>
    </groups>
    <test started-at="2025-02-14T17:39:41 IST" name="Test" finished-at="2025-02-14T17:40:33 IST" duration-ms="52268">
      <class name="Assigments.week6.day1.EntityCreationDynamic">
        <test-method is-config="true" signature="preConditions(java.lang.String,java.lang.String)[pri:0, instance:Assigments.week6.day1.EntityCreationDynamic@710f4dc7]" started-at="2025-02-14T17:39:42 IST" name="preConditions" finished-at="2025-02-14T17:40:04 IST" duration-ms="21862" status="PASS">
          <params>
            <param index="0">
              <value>
                <![CDATA[vidyar@testleaf.com]]>
              </value>
            </param>
            <param index="1">
              <value>
                <![CDATA[Sales@123]]>
              </value>
            </param>
          </params>
          <reporter-output>
          </reporter-output>
        </test-method> <!-- preConditions -->
        <test-method signature="createEntity(java.lang.String)[pri:0, instance:Assigments.week6.day1.EntityCreationDynamic@710f4dc7]" started-at="2025-02-14T17:40:04 IST" name="createEntity" data-provider="getData" finished-at="2025-02-14T17:40:10 IST" duration-ms="6004" status="PASS">
          <params>
            <param index="0">
              <value>
                <![CDATA[Naveen]]>
              </value>
            </param>
          </params>
          <reporter-output>
          </reporter-output>
        </test-method> <!-- createEntity -->
        <test-method is-config="true" signature="precondition()[pri:0, instance:Assigments.week6.day1.EntityCreationDynamic@710f4dc7]" started-at="2025-02-14T17:40:10 IST" name="precondition" finished-at="2025-02-14T17:40:10 IST" duration-ms="276" status="PASS">
          <reporter-output>
          </reporter-output>
        </test-method> <!-- precondition -->
        <test-method is-config="true" signature="preConditions(java.lang.String,java.lang.String)[pri:0, instance:Assigments.week6.day1.EntityCreationDynamic@710f4dc7]" started-at="2025-02-14T17:40:10 IST" name="preConditions" finished-at="2025-02-14T17:40:28 IST" duration-ms="17469" status="PASS">
          <params>
            <param index="0">
              <value>
                <![CDATA[vidyar@testleaf.com]]>
              </value>
            </param>
            <param index="1">
              <value>
                <![CDATA[Sales@123]]>
              </value>
            </param>
          </params>
          <reporter-output>
          </reporter-output>
        </test-method> <!-- preConditions -->
        <test-method signature="createEntity(java.lang.String)[pri:0, instance:Assigments.week6.day1.EntityCreationDynamic@710f4dc7]" started-at="2025-02-14T17:40:28 IST" name="createEntity" data-provider="getData" finished-at="2025-02-14T17:40:33 IST" duration-ms="5319" status="PASS">
          <params>
            <param index="0">
              <value>
                <![CDATA[Naveen1]]>
              </value>
            </param>
          </params>
          <reporter-output>
          </reporter-output>
        </test-method> <!-- createEntity -->
        <test-method is-config="true" signature="precondition()[pri:0, instance:Assigments.week6.day1.EntityCreationDynamic@710f4dc7]" started-at="2025-02-14T17:40:33 IST" name="precondition" finished-at="2025-02-14T17:40:33 IST" duration-ms="225" status="PASS">
          <reporter-output>
          </reporter-output>
        </test-method> <!-- precondition -->
      </class> <!-- Assigments.week6.day1.EntityCreationDynamic -->
    </test> <!-- Test -->
  </suite> <!-- Suite -->
</testng-results>
